<?xml version="1.0" encoding="UTF-8"?>
<!-- Generated by org.testng.reporters.JUnitReportReporter -->
<testsuite hostname="DESKTOP-PBBOTK8" failures="0" tests="2" name="rahulshettyacademy.tests.ErrorValidationsTest" time="70.853" errors="0" timestamp="19 Sep 2022 17:11:39 GMT" skipped="0">
  <testcase classname="rahulshettyacademy.tests.ErrorValidationsTest" name="LoginErrorValidation" time="34.728"/>
  <testcase classname="rahulshettyacademy.tests.ErrorValidationsTest" name="ProductErrorValidation" time="36.125"/>
</testsuite> <!-- rahulshettyacademy.tests.ErrorValidationsTest -->
